\BOOKMARK [0][-]{chapter*.2}{LIST OF TABLES}{}% 1
\BOOKMARK [0][-]{chapter*.3}{LIST OF FIGURES}{}% 2
\BOOKMARK [0][-]{chapter.I}{Introduction}{}% 3
\BOOKMARK [0][-]{chapter.II}{Fundamentals}{}% 4
\BOOKMARK [0][-]{chapter.III}{Related Research}{}% 5
\BOOKMARK [1][-]{section.3.1}{General Analysis Methodologies}{chapter.III}% 6
\BOOKMARK [2][-]{subsection.3.1.1}{Testing and Evaluation}{section.3.1}% 7
\BOOKMARK [2][-]{subsection.3.1.2}{Simulation}{section.3.1}% 8
\BOOKMARK [2][-]{subsection.3.1.3}{Formal Analysis Methods}{section.3.1}% 9
\BOOKMARK [2][-]{subsection.3.1.4}{Static Code Analysis}{section.3.1}% 10
\BOOKMARK [1][-]{section.3.2}{Fundamental Timing Analysis Tools}{chapter.III}% 11
\BOOKMARK [2][-]{subsection.3.2.1}{Cheddar Real-Time Scheduling Framework}{section.3.2}% 12
\BOOKMARK [2][-]{subsection.3.2.2}{UPPAAL}{section.3.2}% 13
\BOOKMARK [2][-]{subsection.3.2.3}{TIMES}{section.3.2}% 14
\BOOKMARK [1][-]{section.3.3}{System-level Timing Analysis Methodologies}{chapter.III}% 15
\BOOKMARK [2][-]{subsection.3.3.1}{Petri net-based Timing Analysis for Concurrent Systems}{section.3.3}% 16
\BOOKMARK [2][-]{subsection.3.3.2}{Analyzing AADL models with Petri nets}{section.3.3}% 17
\BOOKMARK [2][-]{subsection.3.3.3}{Analyzing AADL Models with Timed Petri nets}{section.3.3}% 18
\BOOKMARK [2][-]{subsection.3.3.4}{Mapping AADL Models to Analysis Repository - MoSaRT Framework}{section.3.3}% 19
\BOOKMARK [2][-]{subsection.3.3.5}{MAST: Modeling and Analysis Suite}{section.3.3}% 20
\BOOKMARK [2][-]{subsection.3.3.6}{Verification in AutoFocus 3}{section.3.3}% 21
\BOOKMARK [0][-]{chapter.IV}{Proposed Work: Design-time Timing Analysis of Component-based Distributed Real-time Embedded Systems}{}% 22
\BOOKMARK [1][-]{section.4.1}{Colored Petri net-based Modeling and Analysis Methodology}{chapter.IV}% 23
\BOOKMARK [2][-]{subsection.4.1.1}{Design Model: Distributed Managed Systems \(DREMS\)}{section.4.1}% 24
\BOOKMARK [2][-]{subsection.4.1.2}{Problem Statement}{section.4.1}% 25
\BOOKMARK [2][-]{subsection.4.1.3}{Challenges}{section.4.1}% 26
\BOOKMARK [2][-]{subsection.4.1.4}{The Choice of Colored Petri Nets}{section.4.1}% 27
\BOOKMARK [2][-]{subsection.4.1.5}{Outline of Solution}{section.4.1}% 28
\BOOKMARK [2][-]{subsection.4.1.6}{Evaluation of Solution}{section.4.1}% 29
\BOOKMARK [2][-]{subsection.4.1.7}{Contributions}{section.4.1}% 30
\BOOKMARK [1][-]{section.4.2}{Modeling Component Operation Business Logic}{chapter.IV}% 31
\BOOKMARK [2][-]{subsection.4.2.1}{Problem Statement}{section.4.2}% 32
\BOOKMARK [2][-]{subsection.4.2.2}{Challenges}{section.4.2}% 33
\BOOKMARK [2][-]{subsection.4.2.3}{Outline of Solution}{section.4.2}% 34
\BOOKMARK [2][-]{subsection.4.2.4}{Evaluation of Solution}{section.4.2}% 35
\BOOKMARK [2][-]{subsection.4.2.5}{Contributions}{section.4.2}% 36
\BOOKMARK [1][-]{section.4.3}{Modeling and Analysis Improvements}{chapter.IV}% 37
\BOOKMARK [2][-]{subsection.4.3.1}{Problem Statement}{section.4.3}% 38
\BOOKMARK [2][-]{subsection.4.3.2}{Outline of Solution}{section.4.3}% 39
\BOOKMARK [2][-]{subsection.4.3.3}{Evaluation of Solution}{section.4.3}% 40
\BOOKMARK [2][-]{subsection.4.3.4}{Contributions}{section.4.3}% 41
\BOOKMARK [1][-]{section.4.4}{Investigating Advanced State Space Analysis Methods}{chapter.IV}% 42
\BOOKMARK [2][-]{subsection.4.4.1}{Problem Statement}{section.4.4}% 43
\BOOKMARK [2][-]{subsection.4.4.2}{Outline of Solution}{section.4.4}% 44
\BOOKMARK [2][-]{subsection.4.4.3}{Evaluation of Solution}{section.4.4}% 45
\BOOKMARK [2][-]{subsection.4.4.4}{Contributions}{section.4.4}% 46
\BOOKMARK [1][-]{section.4.5}{Experimental Validation of Timing Analysis Results}{chapter.IV}% 47
\BOOKMARK [2][-]{subsection.4.5.1}{Problem Statement}{section.4.5}% 48
\BOOKMARK [2][-]{subsection.4.5.2}{Challenges}{section.4.5}% 49
\BOOKMARK [2][-]{subsection.4.5.3}{Evaluation of Solution}{section.4.5}% 50
\BOOKMARK [2][-]{subsection.4.5.4}{Proposed Contributions}{section.4.5}% 51
\BOOKMARK [1][-]{section.4.6}{Modeling and Analysis of Long-Running Component Operations}{chapter.IV}% 52
\BOOKMARK [2][-]{subsection.4.6.1}{Problem Statement}{section.4.6}% 53
\BOOKMARK [2][-]{subsection.4.6.2}{Challenges}{section.4.6}% 54
\BOOKMARK [2][-]{subsection.4.6.3}{Outline of Solution}{section.4.6}% 55
\BOOKMARK [2][-]{subsection.4.6.4}{Evaluation of Solution}{section.4.6}% 56
\BOOKMARK [2][-]{subsection.4.6.5}{Proposed Contributions}{section.4.6}% 57
\BOOKMARK [1][-]{section.4.7}{Modeling and Analysis of Cyber-Physical Systems \(CPS\)}{chapter.IV}% 58
\BOOKMARK [2][-]{subsection.4.7.1}{Problem Statement}{section.4.7}% 59
\BOOKMARK [2][-]{subsection.4.7.2}{Challenges}{section.4.7}% 60
\BOOKMARK [2][-]{subsection.4.7.3}{Outline of Solution}{section.4.7}% 61
\BOOKMARK [2][-]{subsection.4.7.4}{Evaluation of Solution}{section.4.7}% 62
\BOOKMARK [2][-]{subsection.4.7.5}{Proposed Contributions}{section.4.7}% 63
\BOOKMARK [0][-]{chapter.V}{Conclusions}{}% 64
\BOOKMARK [0][-]{section*.5}{Appendices}{}% 65
\BOOKMARK [0][-]{APPENDIX.A}{Publications}{}% 66
\BOOKMARK [1][-]{section.1.1}{Workshop Papers}{APPENDIX.A}% 67
\BOOKMARK [1][-]{section.1.2}{Conference Papers}{APPENDIX.A}% 68
\BOOKMARK [1][-]{section.1.3}{Journal Papers}{APPENDIX.A}% 69
\BOOKMARK [1][-]{section.1.4}{Book Chapters - Awaiting Reviews}{APPENDIX.A}% 70
\BOOKMARK [0][-]{chapter*.6}{REFERENCES}{}% 71
