\BOOKMARK [0][-]{chapter*.2}{LIST OF TABLES}{}% 1
\BOOKMARK [0][-]{chapter*.3}{LIST OF FIGURES}{}% 2
\BOOKMARK [0][-]{chapter.I}{Introduction}{}% 3
\BOOKMARK [0][-]{chapter.II}{Fundamentals}{}% 4
\BOOKMARK [0][-]{chapter.III}{Related Research}{}% 5
\BOOKMARK [1][-]{section.3.1}{General Analysis Methodologies}{chapter.III}% 6
\BOOKMARK [2][-]{subsection.3.1.1}{Testing and Evaluation}{section.3.1}% 7
\BOOKMARK [2][-]{subsection.3.1.2}{Simulation}{section.3.1}% 8
\BOOKMARK [2][-]{subsection.3.1.3}{Formal Analysis Methods}{section.3.1}% 9
\BOOKMARK [2][-]{subsection.3.1.4}{Static Code Analysis}{section.3.1}% 10
\BOOKMARK [1][-]{section.3.2}{Fundamental Timing Analysis Tools}{chapter.III}% 11
\BOOKMARK [2][-]{subsection.3.2.1}{Cheddar Real-Time Scheduling Framework}{section.3.2}% 12
\BOOKMARK [2][-]{subsection.3.2.2}{UPPAAL}{section.3.2}% 13
\BOOKMARK [1][-]{section.3.3}{System-level Timing Analysis Methodologies}{chapter.III}% 14
\BOOKMARK [2][-]{subsection.3.3.1}{Petri net-based Timing Analysis for Concurrent Systems}{section.3.3}% 15
\BOOKMARK [2][-]{subsection.3.3.2}{Analyzing AADL models with Petri nets}{section.3.3}% 16
\BOOKMARK [2][-]{subsection.3.3.3}{Analyzing AADL Models with Timed Petri nets}{section.3.3}% 17
\BOOKMARK [2][-]{subsection.3.3.4}{MAST: Modeling and Analysis Suite}{section.3.3}% 18
\BOOKMARK [2][-]{subsection.3.3.5}{Verification in AutoFocus 3}{section.3.3}% 19
\BOOKMARK [0][-]{chapter.IV}{Design Model: Distributed Managed Systems \(DREMS\)}{}% 20
\BOOKMARK [1][-]{section.4.1}{DREMS Component Model}{chapter.IV}% 21
\BOOKMARK [1][-]{section.4.2}{Component Execution Semantics}{chapter.IV}% 22
\BOOKMARK [1][-]{section.4.3}{Temporal Partition Scheduler}{chapter.IV}% 23
\BOOKMARK [1][-]{section.4.4}{Motivation to use DREMS}{chapter.IV}% 24
\BOOKMARK [0][-]{chapter.V}{Colored Petri net-based Modeling Methodology}{}% 25
\BOOKMARK [1][-]{section.5.1}{Problem Statement}{chapter.V}% 26
\BOOKMARK [1][-]{section.5.2}{Colored Petri Net-based Analysis Model}{chapter.V}% 27
\BOOKMARK [2][-]{subsection.5.2.1}{Model of Time}{section.5.2}% 28
\BOOKMARK [2][-]{subsection.5.2.2}{Modeling Temporal Partitioning}{section.5.2}% 29
\BOOKMARK [2][-]{subsection.5.2.3}{Modeling Component Thread Behavior}{section.5.2}% 30
\BOOKMARK [2][-]{subsection.5.2.4}{Modeling Component Operations}{section.5.2}% 31
\BOOKMARK [2][-]{subsection.5.2.5}{Modeling Component Interactions}{section.5.2}% 32
\BOOKMARK [2][-]{subsection.5.2.6}{Modeling Timers}{section.5.2}% 33
\BOOKMARK [1][-]{section.5.3}{Modeling Component Operation Business Logic}{chapter.V}% 34
\BOOKMARK [2][-]{subsection.5.3.1}{Problem Statement}{section.5.3}% 35
\BOOKMARK [2][-]{subsection.5.3.2}{Challenges}{section.5.3}% 36
\BOOKMARK [2][-]{subsection.5.3.3}{Outline of Solution}{section.5.3}% 37
\BOOKMARK [0][-]{chapter.VI}{State Space Analysis and Verification}{}% 38
\BOOKMARK [1][-]{subsection.6.0.1}{Searching the State Space}{chapter.VI}% 39
\BOOKMARK [2][-]{subsection.6.0.2}{Deadline Violations}{subsection.6.0.1}% 40
\BOOKMARK [2][-]{subsection.6.0.3}{System-wide Deadlocks}{subsection.6.0.1}% 41
\BOOKMARK [2][-]{subsection.6.0.4}{Response-time Analysis}{subsection.6.0.1}% 42
\BOOKMARK [2][-]{subsection.6.0.5}{Incomplete Designs}{subsection.6.0.1}% 43
\BOOKMARK [1][-]{section.6.1}{Modeling and Analysis Improvements}{chapter.VI}% 44
\BOOKMARK [2][-]{subsection.6.1.1}{Problem Statement}{section.6.1}% 45
\BOOKMARK [2][-]{subsection.6.1.2}{Outline of Solution}{section.6.1}% 46
\BOOKMARK [2][-]{subsection.6.1.3}{Handling Time}{section.6.1}% 47
\BOOKMARK [2][-]{subsection.6.1.4}{Distributed Deployment}{section.6.1}% 48
\BOOKMARK [1][-]{section.6.2}{Investigating Advanced State Space Analysis Methods}{chapter.VI}% 49
\BOOKMARK [2][-]{subsection.6.2.1}{Problem Statement}{section.6.2}% 50
\BOOKMARK [2][-]{subsection.6.2.2}{Outline of Solution}{section.6.2}% 51
\BOOKMARK [2][-]{subsection.6.2.3}{Evaluation of Solution}{section.6.2}% 52
\BOOKMARK [2][-]{subsection.6.2.4}{Contributions}{section.6.2}% 53
\BOOKMARK [0][-]{chapter.VII}{Experimental Evaluation}{}% 54
\BOOKMARK [1][-]{subsection.7.0.1}{Challenges}{chapter.VII}% 55
\BOOKMARK [1][-]{section.7.1}{Resilient Cyber-Physical Systems \(RCPS\) Testbed}{chapter.VII}% 56
\BOOKMARK [2][-]{subsection.7.1.1}{Architecture}{section.7.1}% 57
\BOOKMARK [1][-]{section.7.2}{ROSMOD Software Infrastructure}{chapter.VII}% 58
\BOOKMARK [2][-]{subsection.7.2.1}{Deployment Infrastructure}{section.7.2}% 59
\BOOKMARK [1][-]{section.7.3}{Evaluation of Timing Analysis Results}{chapter.VII}% 60
\BOOKMARK [2][-]{subsection.7.3.1}{Understanding the CPN Analysis Plots}{section.7.3}% 61
\BOOKMARK [2][-]{subsection.7.3.2}{Client-Server Interactions}{section.7.3}% 62
\BOOKMARK [2][-]{subsection.7.3.3}{Publish-Subscribe Interactions}{section.7.3}% 63
\BOOKMARK [2][-]{subsection.7.3.4}{Trajectory Planner}{section.7.3}% 64
\BOOKMARK [2][-]{subsection.7.3.5}{Time-triggered Operations}{section.7.3}% 65
\BOOKMARK [2][-]{subsection.7.3.6}{Long-Running Operations}{section.7.3}% 66
\BOOKMARK [1][-]{section.7.4}{Analysis Limitations}{chapter.VII}% 67
\BOOKMARK [0][-]{chapter.VIII}{Summary and Future Work}{}% 68
\BOOKMARK [0][-]{section*.9}{Appendices}{}% 69
\BOOKMARK [0][-]{APPENDIX.A}{Publications}{}% 70
\BOOKMARK [1][-]{section.1.1}{Workshop Papers}{APPENDIX.A}% 71
\BOOKMARK [1][-]{section.1.2}{Conference Papers}{APPENDIX.A}% 72
\BOOKMARK [1][-]{section.1.3}{Journal Papers}{APPENDIX.A}% 73
\BOOKMARK [2][-]{subsection.1.3.1}{Awaiting Reviews}{section.1.3}% 74
\BOOKMARK [0][-]{chapter*.10}{REFERENCES}{}% 75
