\BOOKMARK [1][]{section.1}{\376\377\000I\000n\000t\000r\000o\000d\000u\000c\000t\000i\000o\000n}{}% 1
\BOOKMARK [2][]{subsection.1.1}{\376\377\000R\000O\000S\000M\000O\000D\000\040\000C\000o\000m\000p\000o\000n\000e\000n\000t\000\040\000M\000o\000d\000e\000l}{section.1}% 2
\BOOKMARK [2][]{subsection.1.2}{\376\377\000R\000O\000S\000M\000O\000D\000\040\000M\000o\000d\000e\000l\000i\000n\000g\000\040\000L\000a\000n\000g\000u\000a\000g\000e}{section.1}% 3
\BOOKMARK [3][]{subsubsection.1.2.1}{\376\377\000S\000o\000f\000t\000w\000a\000r\000e\000\040\000M\000o\000d\000e\000l}{subsection.1.2}% 4
\BOOKMARK [3][]{subsubsection.1.2.2}{\376\377\000S\000y\000s\000t\000e\000m\000\040\000M\000o\000d\000e\000l}{subsection.1.2}% 5
\BOOKMARK [3][]{subsubsection.1.2.3}{\376\377\000D\000e\000p\000l\000o\000y\000m\000e\000n\000t\000\040\000a\000n\000d\000\040\000E\000x\000p\000e\000r\000i\000m\000e\000n\000t\000a\000t\000i\000o\000n}{subsection.1.2}% 6
\BOOKMARK [2][]{subsection.1.3}{\376\377\000S\000o\000f\000t\000w\000a\000r\000e\000\040\000I\000n\000f\000r\000a\000s\000t\000r\000u\000c\000t\000u\000r\000e}{section.1}% 7
\BOOKMARK [3][]{subsubsection.1.3.1}{\376\377\000R\000O\000S\000M\000O\000D\000\040\000W\000o\000r\000k\000s\000p\000a\000c\000e}{subsection.1.3}% 8
\BOOKMARK [3][]{subsubsection.1.3.2}{\376\377\000C\000l\000a\000s\000s\000\040\000D\000o\000c\000u\000m\000e\000n\000t\000a\000t\000i\000o\000n}{subsection.1.3}% 9
\BOOKMARK [2][]{subsection.1.4}{\376\377\000D\000e\000p\000l\000o\000y\000m\000e\000n\000t\000\040\000I\000n\000f\000r\000a\000s\000t\000r\000u\000c\000t\000u\000r\000e}{section.1}% 10
\BOOKMARK [1][]{section.2}{\376\377\000E\000x\000p\000e\000r\000i\000m\000e\000n\000t\000a\000l\000\040\000S\000e\000c\000t\000i\000o\000n}{}% 11
\BOOKMARK [2][]{subsection.2.1}{\376\377\000C\000a\000s\000e\000\040\000S\000t\000u\000d\000y\000:\000\040\000A\000u\000t\000o\000n\000o\000m\000o\000u\000s\000\040\000G\000r\000o\000u\000n\000d\000\040\000S\000u\000p\000p\000o\000r\000t\000\040\000E\000q\000u\000i\000p\000m\000e\000n\000t\000\040\000\050\000A\000G\000S\000E\000\051\000\040\000R\000o\000b\000o\000t}{section.2}% 12
\BOOKMARK [2][]{subsection.2.2}{\376\377\000C\000o\000m\000p\000e\000t\000i\000t\000i\000o\000n\000\040\000R\000e\000q\000u\000i\000r\000e\000m\000e\000n\000t\000s}{section.2}% 13
\BOOKMARK [2][]{subsection.2.3}{\376\377\000A\000G\000S\000E\000\040\000P\000r\000o\000j\000e\000c\000t\000\040\000A\000r\000c\000h\000i\000t\000e\000c\000t\000u\000r\000e}{section.2}% 14
\BOOKMARK [3][]{subsubsection.2.3.1}{\376\377\000D\000i\000s\000t\000r\000i\000b\000u\000t\000e\000d\000\040\000D\000e\000p\000l\000o\000y\000m\000e\000n\000t}{subsection.2.3}% 15
\BOOKMARK [3][]{subsubsection.2.3.2}{\376\377\000S\000o\000f\000t\000w\000a\000r\000e\000\040\000P\000r\000o\000t\000o\000t\000y\000p\000i\000n\000g\000\040\000w\000i\000t\000h\000\040\000R\000O\000S\000M\000O\000D}{subsection.2.3}% 16
\BOOKMARK [1][]{section.3}{\376\377\000R\000e\000s\000u\000l\000t\000s}{}% 17
\BOOKMARK [2][]{subsection.3.1}{\376\377\000P\000e\000r\000f\000o\000r\000m\000a\000n\000c\000e\000\040\000A\000s\000s\000e\000s\000s\000m\000e\000n\000t}{section.3}% 18
\BOOKMARK [1][]{section.4}{\376\377\000D\000i\000s\000c\000u\000s\000s\000i\000o\000n}{}% 19
\BOOKMARK [1][]{section.5}{\376\377\000M\000a\000t\000e\000r\000i\000a\000l\000s\000\040\000a\000n\000d\000\040\000M\000e\000t\000h\000o\000d\000s}{}% 20
\BOOKMARK [2][]{subsection.5.1}{\376\377\000C\000o\000m\000p\000e\000t\000i\000t\000i\000o\000n\000\040\000A\000G\000S\000E}{section.5}% 21
\BOOKMARK [3][]{subsubsection.5.1.1}{\376\377\000K\000i\000n\000e\000m\000a\000t\000i\000c\000s}{subsection.5.1}% 22
\BOOKMARK [3][]{subsubsection.5.1.2}{\376\377\000S\000t\000r\000u\000c\000t\000u\000r\000e}{subsection.5.1}% 23
\BOOKMARK [3][]{subsubsection.5.1.3}{\376\377\000A\000c\000t\000u\000a\000t\000i\000o\000n\000\040\000a\000n\000d\000\040\000S\000e\000n\000s\000i\000n\000g}{subsection.5.1}% 24
\BOOKMARK [3][]{subsubsection.5.1.4}{\376\377\000P\000o\000w\000e\000r\000\040\000S\000y\000s\000t\000e\000m}{subsection.5.1}% 25
\BOOKMARK [3][]{subsubsection.5.1.5}{\376\377\000C\000o\000n\000t\000r\000o\000l}{subsection.5.1}% 26
\BOOKMARK [3][]{subsubsection.5.1.6}{\376\377\000C\000o\000m\000m\000u\000n\000i\000c\000a\000t\000i\000o\000n}{subsection.5.1}% 27
\BOOKMARK [2][]{subsection.5.2}{\376\377\000A\000G\000S\000E\000\040\000C\000h\000a\000n\000g\000e\000s\000\040\000S\000i\000n\000c\000e\000\040\000t\000h\000e\000\040\000C\000o\000m\000p\000e\000t\000i\000t\000i\000o\000n}{section.5}% 28
\BOOKMARK [2][]{subsection.5.3}{\376\377\000C\000o\000m\000p\000e\000t\000i\000t\000i\000o\000n\000\040\000R\000O\000S\000M\000O\000D}{section.5}% 29
\BOOKMARK [2][]{subsection.5.4}{\376\377\000R\000O\000S\000M\000O\000D\000\040\000C\000h\000a\000n\000g\000e\000s\000\040\000S\000i\000n\000c\000e\000\040\000t\000h\000e\000\040\000C\000o\000m\000p\000e\000t\000i\000t\000i\000o\000n}{section.5}% 30
